
Error: class uri 'gevent' invalid or not found: 

[Traceback (most recent call last):
  File "/Users/monkey/Documents/projects/wfhsite/.env/lib/python3.9/site-packages/gunicorn/workers/ggevent.py", line 13, in <module>
    import gevent
ModuleNotFoundError: No module named 'gevent'

During handling of the above exception, another exception occurred:

Traceback (most recent call last):
  File "/Users/monkey/Documents/projects/wfhsite/.env/lib/python3.9/site-packages/gunicorn/util.py", line 99, in load_class
    mod = importlib.import_module('.'.join(components))
  File "/Users/monkey/.pyenv/versions/3.9.7/lib/python3.9/importlib/__init__.py", line 127, in import_module
    return _bootstrap._gcd_import(name[level:], package, level)
  File "<frozen importlib._bootstrap>", line 1030, in _gcd_import
  File "<frozen importlib._bootstrap>", line 1007, in _find_and_load
  File "<frozen importlib._bootstrap>", line 986, in _find_and_load_unlocked
  File "<frozen importlib._bootstrap>", line 680, in _load_unlocked
  File "<frozen importlib._bootstrap_external>", line 850, in exec_module
  File "<frozen importlib._bootstrap>", line 228, in _call_with_frames_removed
  File "/Users/monkey/Documents/projects/wfhsite/.env/lib/python3.9/site-packages/gunicorn/workers/ggevent.py", line 15, in <module>
    raise RuntimeError("gevent worker requires gevent 1.4 or higher")
RuntimeError: gevent worker requires gevent 1.4 or higher
]


Error: class uri 'gevent' invalid or not found: 

[Traceback (most recent call last):
  File "/Users/monkey/Documents/projects/wfhsite/.env/lib/python3.9/site-packages/gunicorn/workers/ggevent.py", line 13, in <module>
    import gevent
ModuleNotFoundError: No module named 'gevent'

During handling of the above exception, another exception occurred:

Traceback (most recent call last):
  File "/Users/monkey/Documents/projects/wfhsite/.env/lib/python3.9/site-packages/gunicorn/util.py", line 99, in load_class
    mod = importlib.import_module('.'.join(components))
  File "/Users/monkey/.pyenv/versions/3.9.7/lib/python3.9/importlib/__init__.py", line 127, in import_module
    return _bootstrap._gcd_import(name[level:], package, level)
  File "<frozen importlib._bootstrap>", line 1030, in _gcd_import
  File "<frozen importlib._bootstrap>", line 1007, in _find_and_load
  File "<frozen importlib._bootstrap>", line 986, in _find_and_load_unlocked
  File "<frozen importlib._bootstrap>", line 680, in _load_unlocked
  File "<frozen importlib._bootstrap_external>", line 850, in exec_module
  File "<frozen importlib._bootstrap>", line 228, in _call_with_frames_removed
  File "/Users/monkey/Documents/projects/wfhsite/.env/lib/python3.9/site-packages/gunicorn/workers/ggevent.py", line 15, in <module>
    raise RuntimeError("gevent worker requires gevent 1.4 or higher")
RuntimeError: gevent worker requires gevent 1.4 or higher
]


Error: class uri 'gevent' invalid or not found: 

[Traceback (most recent call last):
  File "/Users/monkey/Documents/projects/wfhsite/.env/lib/python3.9/site-packages/gunicorn/workers/ggevent.py", line 13, in <module>
    import gevent
ModuleNotFoundError: No module named 'gevent'

During handling of the above exception, another exception occurred:

Traceback (most recent call last):
  File "/Users/monkey/Documents/projects/wfhsite/.env/lib/python3.9/site-packages/gunicorn/util.py", line 99, in load_class
    mod = importlib.import_module('.'.join(components))
  File "/Users/monkey/.pyenv/versions/3.9.7/lib/python3.9/importlib/__init__.py", line 127, in import_module
    return _bootstrap._gcd_import(name[level:], package, level)
  File "<frozen importlib._bootstrap>", line 1030, in _gcd_import
  File "<frozen importlib._bootstrap>", line 1007, in _find_and_load
  File "<frozen importlib._bootstrap>", line 986, in _find_and_load_unlocked
  File "<frozen importlib._bootstrap>", line 680, in _load_unlocked
  File "<frozen importlib._bootstrap_external>", line 850, in exec_module
  File "<frozen importlib._bootstrap>", line 228, in _call_with_frames_removed
  File "/Users/monkey/Documents/projects/wfhsite/.env/lib/python3.9/site-packages/gunicorn/workers/ggevent.py", line 15, in <module>
    raise RuntimeError("gevent worker requires gevent 1.4 or higher")
RuntimeError: gevent worker requires gevent 1.4 or higher
]


Error: class uri 'gevent' invalid or not found: 

[Traceback (most recent call last):
  File "/Users/monkey/Documents/projects/wfhsite/.env/lib/python3.9/site-packages/gunicorn/workers/ggevent.py", line 13, in <module>
    import gevent
ModuleNotFoundError: No module named 'gevent'

During handling of the above exception, another exception occurred:

Traceback (most recent call last):
  File "/Users/monkey/Documents/projects/wfhsite/.env/lib/python3.9/site-packages/gunicorn/util.py", line 99, in load_class
    mod = importlib.import_module('.'.join(components))
  File "/Users/monkey/.pyenv/versions/3.9.7/lib/python3.9/importlib/__init__.py", line 127, in import_module
    return _bootstrap._gcd_import(name[level:], package, level)
  File "<frozen importlib._bootstrap>", line 1030, in _gcd_import
  File "<frozen importlib._bootstrap>", line 1007, in _find_and_load
  File "<frozen importlib._bootstrap>", line 986, in _find_and_load_unlocked
  File "<frozen importlib._bootstrap>", line 680, in _load_unlocked
  File "<frozen importlib._bootstrap_external>", line 850, in exec_module
  File "<frozen importlib._bootstrap>", line 228, in _call_with_frames_removed
  File "/Users/monkey/Documents/projects/wfhsite/.env/lib/python3.9/site-packages/gunicorn/workers/ggevent.py", line 15, in <module>
    raise RuntimeError("gevent worker requires gevent 1.4 or higher")
RuntimeError: gevent worker requires gevent 1.4 or higher
]


Error: class uri 'gevent' invalid or not found: 

[Traceback (most recent call last):
  File "/Users/monkey/Documents/projects/wfhsite/.env/lib/python3.9/site-packages/gunicorn/workers/ggevent.py", line 13, in <module>
    import gevent
ModuleNotFoundError: No module named 'gevent'

During handling of the above exception, another exception occurred:

Traceback (most recent call last):
  File "/Users/monkey/Documents/projects/wfhsite/.env/lib/python3.9/site-packages/gunicorn/util.py", line 99, in load_class
    mod = importlib.import_module('.'.join(components))
  File "/Users/monkey/.pyenv/versions/3.9.7/lib/python3.9/importlib/__init__.py", line 127, in import_module
    return _bootstrap._gcd_import(name[level:], package, level)
  File "<frozen importlib._bootstrap>", line 1030, in _gcd_import
  File "<frozen importlib._bootstrap>", line 1007, in _find_and_load
  File "<frozen importlib._bootstrap>", line 986, in _find_and_load_unlocked
  File "<frozen importlib._bootstrap>", line 680, in _load_unlocked
  File "<frozen importlib._bootstrap_external>", line 850, in exec_module
  File "<frozen importlib._bootstrap>", line 228, in _call_with_frames_removed
  File "/Users/monkey/Documents/projects/wfhsite/.env/lib/python3.9/site-packages/gunicorn/workers/ggevent.py", line 15, in <module>
    raise RuntimeError("gevent worker requires gevent 1.4 or higher")
RuntimeError: gevent worker requires gevent 1.4 or higher
]


Error: class uri 'gevent' invalid or not found: 

[Traceback (most recent call last):
  File "/Users/monkey/Documents/projects/wfhsite/.env/lib/python3.9/site-packages/gunicorn/workers/ggevent.py", line 13, in <module>
    import gevent
ModuleNotFoundError: No module named 'gevent'

During handling of the above exception, another exception occurred:

Traceback (most recent call last):
  File "/Users/monkey/Documents/projects/wfhsite/.env/lib/python3.9/site-packages/gunicorn/util.py", line 99, in load_class
    mod = importlib.import_module('.'.join(components))
  File "/Users/monkey/.pyenv/versions/3.9.7/lib/python3.9/importlib/__init__.py", line 127, in import_module
    return _bootstrap._gcd_import(name[level:], package, level)
  File "<frozen importlib._bootstrap>", line 1030, in _gcd_import
  File "<frozen importlib._bootstrap>", line 1007, in _find_and_load
  File "<frozen importlib._bootstrap>", line 986, in _find_and_load_unlocked
  File "<frozen importlib._bootstrap>", line 680, in _load_unlocked
  File "<frozen importlib._bootstrap_external>", line 850, in exec_module
  File "<frozen importlib._bootstrap>", line 228, in _call_with_frames_removed
  File "/Users/monkey/Documents/projects/wfhsite/.env/lib/python3.9/site-packages/gunicorn/workers/ggevent.py", line 15, in <module>
    raise RuntimeError("gevent worker requires gevent 1.4 or higher")
RuntimeError: gevent worker requires gevent 1.4 or higher
]


Error: class uri 'gevent' invalid or not found: 

[Traceback (most recent call last):
  File "/Users/monkey/Documents/projects/wfhsite/.env/lib/python3.9/site-packages/gunicorn/workers/ggevent.py", line 13, in <module>
    import gevent
ModuleNotFoundError: No module named 'gevent'

During handling of the above exception, another exception occurred:

Traceback (most recent call last):
  File "/Users/monkey/Documents/projects/wfhsite/.env/lib/python3.9/site-packages/gunicorn/util.py", line 99, in load_class
    mod = importlib.import_module('.'.join(components))
  File "/Users/monkey/.pyenv/versions/3.9.7/lib/python3.9/importlib/__init__.py", line 127, in import_module
    return _bootstrap._gcd_import(name[level:], package, level)
  File "<frozen importlib._bootstrap>", line 1030, in _gcd_import
  File "<frozen importlib._bootstrap>", line 1007, in _find_and_load
  File "<frozen importlib._bootstrap>", line 986, in _find_and_load_unlocked
  File "<frozen importlib._bootstrap>", line 680, in _load_unlocked
  File "<frozen importlib._bootstrap_external>", line 850, in exec_module
  File "<frozen importlib._bootstrap>", line 228, in _call_with_frames_removed
  File "/Users/monkey/Documents/projects/wfhsite/.env/lib/python3.9/site-packages/gunicorn/workers/ggevent.py", line 15, in <module>
    raise RuntimeError("gevent worker requires gevent 1.4 or higher")
RuntimeError: gevent worker requires gevent 1.4 or higher
]


Error: class uri 'gevent' invalid or not found: 

[Traceback (most recent call last):
  File "/Users/monkey/Documents/projects/wfhsite/.env/lib/python3.9/site-packages/gunicorn/workers/ggevent.py", line 13, in <module>
    import gevent
ModuleNotFoundError: No module named 'gevent'

During handling of the above exception, another exception occurred:

Traceback (most recent call last):
  File "/Users/monkey/Documents/projects/wfhsite/.env/lib/python3.9/site-packages/gunicorn/util.py", line 99, in load_class
    mod = importlib.import_module('.'.join(components))
  File "/Users/monkey/.pyenv/versions/3.9.7/lib/python3.9/importlib/__init__.py", line 127, in import_module
    return _bootstrap._gcd_import(name[level:], package, level)
  File "<frozen importlib._bootstrap>", line 1030, in _gcd_import
  File "<frozen importlib._bootstrap>", line 1007, in _find_and_load
  File "<frozen importlib._bootstrap>", line 986, in _find_and_load_unlocked
  File "<frozen importlib._bootstrap>", line 680, in _load_unlocked
  File "<frozen importlib._bootstrap_external>", line 850, in exec_module
  File "<frozen importlib._bootstrap>", line 228, in _call_with_frames_removed
  File "/Users/monkey/Documents/projects/wfhsite/.env/lib/python3.9/site-packages/gunicorn/workers/ggevent.py", line 15, in <module>
    raise RuntimeError("gevent worker requires gevent 1.4 or higher")
RuntimeError: gevent worker requires gevent 1.4 or higher
]

